<?xml version="1.0" encoding="UTF-8"?>
<!-- Generated by org.testng.reporters.JUnitXMLReporter -->
<testsuite ignored="0" hostname="MAA-5CG6222M9V" failures="1" tests="1" name="Test" time="0.061" errors="0" timestamp="2021-11-23T22:43:38 IST">
  <testcase classname="TestNG_Program.Simple_Annotation.ParametrizedTest" name="instaLogin" time="0.0">
    <failure type="org.testng.TestNGException" message="
Parameter &amp;apos;password&amp;apos; is required by @Test on method instaLogin but has not been marked @Optional or defined
in C:\Users\aiswak\eclipse-workspace\Simple_Annotation\ParameterTest.xml">
      <![CDATA[org.testng.TestNGException: 
Parameter 'password' is required by @Test on method instaLogin but has not been marked @Optional or defined
in C:\Users\aiswak\eclipse-workspace\Simple_Annotation\ParameterTest.xml
at java.base/java.util.ArrayList.forEach(ArrayList.java:1511)
... Removed 26 stack frames]]>
    </failure>
  </testcase> <!-- instaLogin -->
</testsuite> <!-- Test -->
